Mensaje I / 00:00:00:000 / Root(00) para top(01)
Mensaje I / 00:00:00:000 / top(01) para adm(02)
Mensaje D / 00:00:00:000 / adm(02) / 00:00:00:000 para top(01)
Mensaje D / 00:00:00:000 / top(01) / 00:00:00:000 para Root(00)
Mensaje * / 00:00:00:000 / Root(00) para top(01)
Mensaje * / 00:00:00:000 / top(01) para adm(02)
Mensaje Y / 00:00:00:000 / adm(02) / alarm_status1 /      0.00000 para top(01)
Mensaje Y / 00:00:00:000 / adm(02) / alarm_status2 /      0.00000 para top(01)
Mensaje D / 00:00:00:000 / adm(02) / ... para top(01)
Mensaje Y / 00:00:00:000 / top(01) / alarm_status1 /      0.00000 para Root(00)
Mensaje Y / 00:00:00:000 / top(01) / alarm_status2 /      0.00000 para Root(00)
Mensaje D / 00:00:00:000 / top(01) / ... para Root(00)
Mensaje X / 00:00:00:020 / Root(00) / armreq_in /      1.00000 para top(01)
Mensaje X / 00:00:00:020 / top(01) / armreq_in /      1.00000 para adm(02)
Mensaje D / 00:00:00:020 / adm(02) / 00:00:00:010 para top(01)
Mensaje D / 00:00:00:020 / top(01) / 00:00:00:010 para Root(00)
Mensaje * / 00:00:00:030 / Root(00) para top(01)
Mensaje * / 00:00:00:030 / top(01) para adm(02)
Mensaje Y / 00:00:00:030 / adm(02) / admin_out /      1.00000 para top(01)
Mensaje Y / 00:00:00:030 / adm(02) / alarm_req /      1.00000 para top(01)
Mensaje D / 00:00:00:030 / adm(02) / ... para top(01)
Mensaje Y / 00:00:00:030 / top(01) / admin_out /      1.00000 para Root(00)
Mensaje Y / 00:00:00:030 / top(01) / alarm_req /      1.00000 para Root(00)
Mensaje D / 00:00:00:030 / top(01) / ... para Root(00)
Mensaje X / 00:00:00:050 / Root(00) / alarmpin_ok /      1.00000 para top(01)
Mensaje X / 00:00:00:050 / top(01) / alarmpin_ok /      1.00000 para adm(02)
Mensaje D / 00:00:00:050 / adm(02) / 00:00:00:010 para top(01)
Mensaje D / 00:00:00:050 / top(01) / 00:00:00:010 para Root(00)
Mensaje * / 00:00:00:060 / Root(00) para top(01)
Mensaje * / 00:00:00:060 / top(01) para adm(02)
Mensaje Y / 00:00:00:060 / adm(02) / alarm_status1 /      1.00000 para top(01)
Mensaje Y / 00:00:00:060 / adm(02) / alarm_status2 /      1.00000 para top(01)
Mensaje D / 00:00:00:060 / adm(02) / ... para top(01)
Mensaje Y / 00:00:00:060 / top(01) / alarm_status1 /      1.00000 para Root(00)
Mensaje Y / 00:00:00:060 / top(01) / alarm_status2 /      1.00000 para Root(00)
Mensaje D / 00:00:00:060 / top(01) / ... para Root(00)
Mensaje X / 00:00:01:010 / Root(00) / armreq_in /      1.00000 para top(01)
Mensaje X / 00:00:01:010 / top(01) / armreq_in /      1.00000 para adm(02)
Mensaje D / 00:00:01:010 / adm(02) / 00:00:00:010 para top(01)
Mensaje D / 00:00:01:010 / top(01) / 00:00:00:010 para Root(00)
Mensaje * / 00:00:01:020 / Root(00) para top(01)
Mensaje * / 00:00:01:020 / top(01) para adm(02)
Mensaje Y / 00:00:01:020 / adm(02) / error /      0.00000 para top(01)
Mensaje D / 00:00:01:020 / adm(02) / ... para top(01)
Mensaje Y / 00:00:01:020 / top(01) / error /      0.00000 para Root(00)
Mensaje D / 00:00:01:020 / top(01) / ... para Root(00)
Mensaje X / 00:00:01:040 / Root(00) / disarmreq_in /      1.00000 para top(01)
Mensaje X / 00:00:01:040 / top(01) / disarmreq_in /      1.00000 para adm(02)
Mensaje D / 00:00:01:040 / adm(02) / 00:00:00:010 para top(01)
Mensaje D / 00:00:01:040 / top(01) / 00:00:00:010 para Root(00)
Mensaje * / 00:00:01:050 / Root(00) para top(01)
Mensaje * / 00:00:01:050 / top(01) para adm(02)
Mensaje Y / 00:00:01:050 / adm(02) / admin_out /      1.00000 para top(01)
Mensaje Y / 00:00:01:050 / adm(02) / alarm_req /      0.00000 para top(01)
Mensaje D / 00:00:01:050 / adm(02) / ... para top(01)
Mensaje Y / 00:00:01:050 / top(01) / admin_out /      1.00000 para Root(00)
Mensaje Y / 00:00:01:050 / top(01) / alarm_req /      0.00000 para Root(00)
Mensaje D / 00:00:01:050 / top(01) / ... para Root(00)
Mensaje X / 00:00:02:000 / Root(00) / alarmpin_ok /      0.00000 para top(01)
Mensaje X / 00:00:02:000 / top(01) / alarmpin_ok /      0.00000 para adm(02)
Mensaje D / 00:00:02:000 / adm(02) / 00:00:00:010 para top(01)
Mensaje D / 00:00:02:000 / top(01) / 00:00:00:010 para Root(00)
Mensaje * / 00:00:02:010 / Root(00) para top(01)
Mensaje * / 00:00:02:010 / top(01) para adm(02)
Mensaje Y / 00:00:02:010 / adm(02) / alarm_status1 /      0.00000 para top(01)
Mensaje Y / 00:00:02:010 / adm(02) / alarm_status2 /      0.00000 para top(01)
Mensaje D / 00:00:02:010 / adm(02) / ... para top(01)
Mensaje Y / 00:00:02:010 / top(01) / alarm_status1 /      0.00000 para Root(00)
Mensaje Y / 00:00:02:010 / top(01) / alarm_status2 /      0.00000 para Root(00)
Mensaje D / 00:00:02:010 / top(01) / ... para Root(00)
Mensaje X / 00:00:02:020 / Root(00) / disarmreq_in /      1.00000 para top(01)
Mensaje X / 00:00:02:020 / top(01) / disarmreq_in /      1.00000 para adm(02)
Mensaje D / 00:00:02:020 / adm(02) / 00:00:00:010 para top(01)
Mensaje D / 00:00:02:020 / top(01) / 00:00:00:010 para Root(00)
Mensaje * / 00:00:02:030 / Root(00) para top(01)
Mensaje * / 00:00:02:030 / top(01) para adm(02)
Mensaje Y / 00:00:02:030 / adm(02) / error /      0.00000 para top(01)
Mensaje D / 00:00:02:030 / adm(02) / ... para top(01)
Mensaje Y / 00:00:02:030 / top(01) / error /      0.00000 para Root(00)
Mensaje D / 00:00:02:030 / top(01) / ... para Root(00)
Mensaje X / 00:00:02:040 / Root(00) / armreq_in /      1.00000 para top(01)
Mensaje X / 00:00:02:040 / top(01) / armreq_in /      1.00000 para adm(02)
Mensaje D / 00:00:02:040 / adm(02) / 00:00:00:010 para top(01)
Mensaje D / 00:00:02:040 / top(01) / 00:00:00:010 para Root(00)
Mensaje * / 00:00:02:050 / Root(00) para top(01)
Mensaje * / 00:00:02:050 / top(01) para adm(02)
Mensaje Y / 00:00:02:050 / adm(02) / admin_out /      1.00000 para top(01)
Mensaje Y / 00:00:02:050 / adm(02) / alarm_req /      1.00000 para top(01)
Mensaje D / 00:00:02:050 / adm(02) / ... para top(01)
Mensaje Y / 00:00:02:050 / top(01) / admin_out /      1.00000 para Root(00)
Mensaje Y / 00:00:02:050 / top(01) / alarm_req /      1.00000 para Root(00)
Mensaje D / 00:00:02:050 / top(01) / ... para Root(00)
Mensaje X / 00:00:03:010 / Root(00) / alarmpin_ok /      2.00000 para top(01)
Mensaje X / 00:00:03:010 / top(01) / alarmpin_ok /      2.00000 para adm(02)
Mensaje D / 00:00:03:010 / adm(02) / 00:00:00:010 para top(01)
Mensaje D / 00:00:03:010 / top(01) / 00:00:00:010 para Root(00)
Mensaje * / 00:00:03:020 / Root(00) para top(01)
Mensaje * / 00:00:03:020 / top(01) para adm(02)
Mensaje Y / 00:00:03:020 / adm(02) / error /      1.00000 para top(01)
Mensaje D / 00:00:03:020 / adm(02) / ... para top(01)
Mensaje Y / 00:00:03:020 / top(01) / error /      1.00000 para Root(00)
Mensaje D / 00:00:03:020 / top(01) / ... para Root(00)
Mensaje X / 00:00:03:040 / Root(00) / armreq_in /      1.00000 para top(01)
Mensaje X / 00:00:03:040 / top(01) / armreq_in /      1.00000 para adm(02)
Mensaje D / 00:00:03:040 / adm(02) / 00:00:00:010 para top(01)
Mensaje D / 00:00:03:040 / top(01) / 00:00:00:010 para Root(00)
Mensaje * / 00:00:03:050 / Root(00) para top(01)
Mensaje * / 00:00:03:050 / top(01) para adm(02)
Mensaje Y / 00:00:03:050 / adm(02) / admin_out /      1.00000 para top(01)
Mensaje Y / 00:00:03:050 / adm(02) / alarm_req /      1.00000 para top(01)
Mensaje D / 00:00:03:050 / adm(02) / ... para top(01)
Mensaje Y / 00:00:03:050 / top(01) / admin_out /      1.00000 para Root(00)
Mensaje Y / 00:00:03:050 / top(01) / alarm_req /      1.00000 para Root(00)
Mensaje D / 00:00:03:050 / top(01) / ... para Root(00)
Mensaje X / 00:00:04:000 / Root(00) / alarmpin_ok /      1.00000 para top(01)
Mensaje X / 00:00:04:000 / top(01) / alarmpin_ok /      1.00000 para adm(02)
Mensaje D / 00:00:04:000 / adm(02) / 00:00:00:010 para top(01)
Mensaje D / 00:00:04:000 / top(01) / 00:00:00:010 para Root(00)
Mensaje * / 00:00:04:010 / Root(00) para top(01)
Mensaje * / 00:00:04:010 / top(01) para adm(02)
Mensaje Y / 00:00:04:010 / adm(02) / alarm_status1 /      1.00000 para top(01)
Mensaje Y / 00:00:04:010 / adm(02) / alarm_status2 /      1.00000 para top(01)
Mensaje D / 00:00:04:010 / adm(02) / ... para top(01)
Mensaje Y / 00:00:04:010 / top(01) / alarm_status1 /      1.00000 para Root(00)
Mensaje Y / 00:00:04:010 / top(01) / alarm_status2 /      1.00000 para Root(00)
Mensaje D / 00:00:04:010 / top(01) / ... para Root(00)
