Mensaje I / 00:00:00:000 / Root(00) para top(01)
Mensaje I / 00:00:00:000 / top(01) para auth(02)
Mensaje D / 00:00:00:000 / auth(02) / ... para top(01)
Mensaje D / 00:00:00:000 / top(01) / ... para Root(00)
Mensaje X / 00:00:00:030 / Root(00) / alarm_status2 /      0.00000 para top(01)
Mensaje X / 00:00:00:030 / top(01) / alarm_status2 /      0.00000 para auth(02)
Mensaje D / 00:00:00:030 / auth(02) / ... para top(01)
Mensaje D / 00:00:00:030 / top(01) / ... para Root(00)
Mensaje X / 00:00:00:050 / Root(00) / alarm_req /      1.00000 para top(01)
Mensaje X / 00:00:00:050 / top(01) / alarm_req /      1.00000 para auth(02)
Mensaje D / 00:00:00:050 / auth(02) / ... para top(01)
Mensaje D / 00:00:00:050 / top(01) / ... para Root(00)
Mensaje X / 00:00:02:000 / Root(00) / pin_in /      1.00000 para top(01)
Mensaje X / 00:00:02:000 / top(01) / pin_in /      1.00000 para auth(02)
Mensaje D / 00:00:02:000 / auth(02) / 00:00:00:010 para top(01)
Mensaje D / 00:00:02:000 / top(01) / 00:00:00:010 para Root(00)
Mensaje * / 00:00:02:010 / Root(00) para top(01)
Mensaje * / 00:00:02:010 / top(01) para auth(02)
Mensaje Y / 00:00:02:010 / auth(02) / alarmpin_ok /      1.00000 para top(01)
Mensaje D / 00:00:02:010 / auth(02) / ... para top(01)
Mensaje Y / 00:00:02:010 / top(01) / alarmpin_ok /      1.00000 para Root(00)
Mensaje D / 00:00:02:010 / top(01) / ... para Root(00)
Mensaje X / 00:00:02:030 / Root(00) / alarm_status2 /      1.00000 para top(01)
Mensaje X / 00:00:02:030 / top(01) / alarm_status2 /      1.00000 para auth(02)
Mensaje D / 00:00:02:030 / auth(02) / ... para top(01)
Mensaje D / 00:00:02:030 / top(01) / ... para Root(00)
Mensaje X / 00:00:03:000 / Root(00) / alarm_req /      0.00000 para top(01)
Mensaje X / 00:00:03:000 / top(01) / alarm_req /      0.00000 para auth(02)
Mensaje D / 00:00:03:000 / auth(02) / ... para top(01)
Mensaje D / 00:00:03:000 / top(01) / ... para Root(00)
Mensaje X / 00:00:03:030 / Root(00) / pin_in /      1.00000 para top(01)
Mensaje X / 00:00:03:030 / top(01) / pin_in /      1.00000 para auth(02)
Mensaje D / 00:00:03:030 / auth(02) / 00:00:00:010 para top(01)
Mensaje D / 00:00:03:030 / top(01) / 00:00:00:010 para Root(00)
Mensaje * / 00:00:03:040 / Root(00) para top(01)
Mensaje * / 00:00:03:040 / top(01) para auth(02)
Mensaje Y / 00:00:03:040 / auth(02) / alarmpin_ok /      0.00000 para top(01)
Mensaje D / 00:00:03:040 / auth(02) / ... para top(01)
Mensaje Y / 00:00:03:040 / top(01) / alarmpin_ok /      0.00000 para Root(00)
Mensaje D / 00:00:03:040 / top(01) / ... para Root(00)
