Mensaje I / 00:00:00:000 / Root(00) para top(01)
Mensaje I / 00:00:00:000 / top(01) para auth(02)
Mensaje D / 00:00:00:000 / auth(02) / ... para top(01)
Mensaje D / 00:00:00:000 / top(01) / ... para Root(00)
Mensaje X / 00:00:00:030 / Root(00) / pin_in /      1.00000 para top(01)
Mensaje X / 00:00:00:030 / top(01) / pin_in /      1.00000 para auth(02)
Mensaje D / 00:00:00:030 / auth(02) / 00:00:00:010 para top(01)
Mensaje D / 00:00:00:030 / top(01) / 00:00:00:010 para Root(00)
Mensaje * / 00:00:00:040 / Root(00) para top(01)
Mensaje * / 00:00:00:040 / top(01) para auth(02)
Mensaje Y / 00:00:00:040 / auth(02) / doorpin_ok /      1.00000 para top(01)
Mensaje D / 00:00:00:040 / auth(02) / ... para top(01)
Mensaje Y / 00:00:00:040 / top(01) / doorpin_ok /      1.00000 para Root(00)
Mensaje D / 00:00:00:040 / top(01) / ... para Root(00)
Mensaje X / 00:00:00:050 / Root(00) / pin_in /      1.00000 para top(01)
Mensaje X / 00:00:00:050 / top(01) / pin_in /      1.00000 para auth(02)
Mensaje D / 00:00:00:050 / auth(02) / 00:00:00:010 para top(01)
Mensaje D / 00:00:00:050 / top(01) / 00:00:00:010 para Root(00)
Mensaje * / 00:00:00:060 / Root(00) para top(01)
Mensaje * / 00:00:00:060 / top(01) para auth(02)
Mensaje Y / 00:00:00:060 / auth(02) / doorpin_ok /      1.00000 para top(01)
Mensaje D / 00:00:00:060 / auth(02) / ... para top(01)
Mensaje Y / 00:00:00:060 / top(01) / doorpin_ok /      1.00000 para Root(00)
Mensaje D / 00:00:00:060 / top(01) / ... para Root(00)
Mensaje X / 00:00:01:030 / Root(00) / pin_in /      1.00000 para top(01)
Mensaje X / 00:00:01:030 / top(01) / pin_in /      1.00000 para auth(02)
Mensaje D / 00:00:01:030 / auth(02) / 00:00:00:010 para top(01)
Mensaje D / 00:00:01:030 / top(01) / 00:00:00:010 para Root(00)
Mensaje * / 00:00:01:040 / Root(00) para top(01)
Mensaje * / 00:00:01:040 / top(01) para auth(02)
Mensaje Y / 00:00:01:040 / auth(02) / doorpin_ok /      1.00000 para top(01)
Mensaje D / 00:00:01:040 / auth(02) / ... para top(01)
Mensaje Y / 00:00:01:040 / top(01) / doorpin_ok /      1.00000 para Root(00)
Mensaje D / 00:00:01:040 / top(01) / ... para Root(00)
Mensaje X / 00:00:01:050 / Root(00) / pin_in /      1.00000 para top(01)
Mensaje X / 00:00:01:050 / top(01) / pin_in /      1.00000 para auth(02)
Mensaje D / 00:00:01:050 / auth(02) / 00:00:00:010 para top(01)
Mensaje D / 00:00:01:050 / top(01) / 00:00:00:010 para Root(00)
Mensaje * / 00:00:01:060 / Root(00) para top(01)
Mensaje * / 00:00:01:060 / top(01) para auth(02)
Mensaje Y / 00:00:01:060 / auth(02) / doorpin_ok /      1.00000 para top(01)
Mensaje D / 00:00:01:060 / auth(02) / ... para top(01)
Mensaje Y / 00:00:01:060 / top(01) / doorpin_ok /      1.00000 para Root(00)
Mensaje D / 00:00:01:060 / top(01) / ... para Root(00)
Mensaje X / 00:00:02:030 / Root(00) / pin_in /      1.00000 para top(01)
Mensaje X / 00:00:02:030 / top(01) / pin_in /      1.00000 para auth(02)
Mensaje D / 00:00:02:030 / auth(02) / 00:00:00:010 para top(01)
Mensaje D / 00:00:02:030 / top(01) / 00:00:00:010 para Root(00)
Mensaje * / 00:00:02:040 / Root(00) para top(01)
Mensaje * / 00:00:02:040 / top(01) para auth(02)
Mensaje Y / 00:00:02:040 / auth(02) / error /      1.00000 para top(01)
Mensaje D / 00:00:02:040 / auth(02) / ... para top(01)
Mensaje Y / 00:00:02:040 / top(01) / error /      1.00000 para Root(00)
Mensaje D / 00:00:02:040 / top(01) / ... para Root(00)
Mensaje X / 00:00:03:000 / Root(00) / pin_in /      1.00000 para top(01)
Mensaje X / 00:00:03:000 / top(01) / pin_in /      1.00000 para auth(02)
Mensaje D / 00:00:03:000 / auth(02) / 00:00:00:010 para top(01)
Mensaje D / 00:00:03:000 / top(01) / 00:00:00:010 para Root(00)
Mensaje * / 00:00:03:010 / Root(00) para top(01)
Mensaje * / 00:00:03:010 / top(01) para auth(02)
Mensaje Y / 00:00:03:010 / auth(02) / doorpin_ok /      1.00000 para top(01)
Mensaje D / 00:00:03:010 / auth(02) / ... para top(01)
Mensaje Y / 00:00:03:010 / top(01) / doorpin_ok /      1.00000 para Root(00)
Mensaje D / 00:00:03:010 / top(01) / ... para Root(00)
Mensaje X / 00:00:03:030 / Root(00) / pin_in /      1.00000 para top(01)
Mensaje X / 00:00:03:030 / top(01) / pin_in /      1.00000 para auth(02)
Mensaje D / 00:00:03:030 / auth(02) / 00:00:00:010 para top(01)
Mensaje D / 00:00:03:030 / top(01) / 00:00:00:010 para Root(00)
Mensaje * / 00:00:03:040 / Root(00) para top(01)
Mensaje * / 00:00:03:040 / top(01) para auth(02)
Mensaje Y / 00:00:03:040 / auth(02) / doorpin_ok /      1.00000 para top(01)
Mensaje D / 00:00:03:040 / auth(02) / ... para top(01)
Mensaje Y / 00:00:03:040 / top(01) / doorpin_ok /      1.00000 para Root(00)
Mensaje D / 00:00:03:040 / top(01) / ... para Root(00)
Mensaje X / 00:00:04:030 / Root(00) / pin_in /      1.00000 para top(01)
Mensaje X / 00:00:04:030 / top(01) / pin_in /      1.00000 para auth(02)
Mensaje D / 00:00:04:030 / auth(02) / 00:00:00:010 para top(01)
Mensaje D / 00:00:04:030 / top(01) / 00:00:00:010 para Root(00)
Mensaje * / 00:00:04:040 / Root(00) para top(01)
Mensaje * / 00:00:04:040 / top(01) para auth(02)
Mensaje Y / 00:00:04:040 / auth(02) / doorpin_ok /      1.00000 para top(01)
Mensaje D / 00:00:04:040 / auth(02) / ... para top(01)
Mensaje Y / 00:00:04:040 / top(01) / doorpin_ok /      1.00000 para Root(00)
Mensaje D / 00:00:04:040 / top(01) / ... para Root(00)
Mensaje X / 00:00:05:030 / Root(00) / pin_in /      1.00000 para top(01)
Mensaje X / 00:00:05:030 / top(01) / pin_in /      1.00000 para auth(02)
Mensaje D / 00:00:05:030 / auth(02) / 00:00:00:010 para top(01)
Mensaje D / 00:00:05:030 / top(01) / 00:00:00:010 para Root(00)
Mensaje * / 00:00:05:040 / Root(00) para top(01)
Mensaje * / 00:00:05:040 / top(01) para auth(02)
Mensaje Y / 00:00:05:040 / auth(02) / doorpin_ok /      1.00000 para top(01)
Mensaje D / 00:00:05:040 / auth(02) / ... para top(01)
Mensaje Y / 00:00:05:040 / top(01) / doorpin_ok /      1.00000 para Root(00)
Mensaje D / 00:00:05:040 / top(01) / ... para Root(00)
Mensaje X / 00:00:06:030 / Root(00) / pin_in /      1.00000 para top(01)
Mensaje X / 00:00:06:030 / top(01) / pin_in /      1.00000 para auth(02)
Mensaje D / 00:00:06:030 / auth(02) / 00:00:00:010 para top(01)
Mensaje D / 00:00:06:030 / top(01) / 00:00:00:010 para Root(00)
Mensaje * / 00:00:06:040 / Root(00) para top(01)
Mensaje * / 00:00:06:040 / top(01) para auth(02)
Mensaje Y / 00:00:06:040 / auth(02) / doorpin_ok /      1.00000 para top(01)
Mensaje D / 00:00:06:040 / auth(02) / ... para top(01)
Mensaje Y / 00:00:06:040 / top(01) / doorpin_ok /      1.00000 para Root(00)
Mensaje D / 00:00:06:040 / top(01) / ... para Root(00)
Mensaje X / 00:00:07:030 / Root(00) / pin_in /      1.00000 para top(01)
Mensaje X / 00:00:07:030 / top(01) / pin_in /      1.00000 para auth(02)
Mensaje D / 00:00:07:030 / auth(02) / 00:00:00:010 para top(01)
Mensaje D / 00:00:07:030 / top(01) / 00:00:00:010 para Root(00)
Mensaje * / 00:00:07:040 / Root(00) para top(01)
Mensaje * / 00:00:07:040 / top(01) para auth(02)
Mensaje Y / 00:00:07:040 / auth(02) / doorpin_ok /      1.00000 para top(01)
Mensaje D / 00:00:07:040 / auth(02) / ... para top(01)
Mensaje Y / 00:00:07:040 / top(01) / doorpin_ok /      1.00000 para Root(00)
Mensaje D / 00:00:07:040 / top(01) / ... para Root(00)
