Mensaje I / 00:00:00:000 / Root(00) para top(01)
Mensaje I / 00:00:00:000 / top(01) para disp(02)
Mensaje D / 00:00:00:000 / disp(02) / 00:00:00:000 para top(01)
Mensaje D / 00:00:00:000 / top(01) / 00:00:00:000 para Root(00)
Mensaje * / 00:00:00:000 / Root(00) para top(01)
Mensaje * / 00:00:00:000 / top(01) para disp(02)
Mensaje Y / 00:00:00:000 / disp(02) / msg_out /      0.00000 para top(01)
Mensaje D / 00:00:00:000 / disp(02) / ... para top(01)
Mensaje Y / 00:00:00:000 / top(01) / msg_out /      0.00000 para Root(00)
Mensaje D / 00:00:00:000 / top(01) / ... para Root(00)
Mensaje X / 00:01:00:000 / Root(00) / pinprompt_in /      1.00000 para top(01)
Mensaje X / 00:01:00:000 / top(01) / pinprompt_in /      1.00000 para disp(02)
Mensaje D / 00:01:00:000 / disp(02) / 00:00:00:030 para top(01)
Mensaje D / 00:01:00:000 / top(01) / 00:00:00:030 para Root(00)
Mensaje * / 00:01:00:030 / Root(00) para top(01)
Mensaje * / 00:01:00:030 / top(01) para disp(02)
Mensaje Y / 00:01:00:030 / disp(02) / msg_out /      2.00000 para top(01)
Mensaje D / 00:01:00:030 / disp(02) / ... para top(01)
Mensaje Y / 00:01:00:030 / top(01) / msg_out /      2.00000 para Root(00)
Mensaje D / 00:01:00:030 / top(01) / ... para Root(00)
Mensaje X / 00:01:30:000 / Root(00) / alarmstatus_in /      1.00000 para top(01)
Mensaje X / 00:01:30:000 / top(01) / alarmstatus_in /      1.00000 para disp(02)
Mensaje D / 00:01:30:000 / disp(02) / 00:00:00:030 para top(01)
Mensaje D / 00:01:30:000 / top(01) / 00:00:00:030 para Root(00)
Mensaje * / 00:01:30:030 / Root(00) para top(01)
Mensaje * / 00:01:30:030 / top(01) para disp(02)
Mensaje Y / 00:01:30:030 / disp(02) / msg_out /      1.00000 para top(01)
Mensaje D / 00:01:30:030 / disp(02) / ... para top(01)
Mensaje Y / 00:01:30:030 / top(01) / msg_out /      1.00000 para Root(00)
Mensaje D / 00:01:30:030 / top(01) / ... para Root(00)
Mensaje X / 00:05:00:000 / Root(00) / pinprompt_in /      1.00000 para top(01)
Mensaje X / 00:05:00:000 / top(01) / pinprompt_in /      1.00000 para disp(02)
Mensaje D / 00:05:00:000 / disp(02) / 00:00:00:030 para top(01)
Mensaje D / 00:05:00:000 / top(01) / 00:00:00:030 para Root(00)
Mensaje * / 00:05:00:030 / Root(00) para top(01)
Mensaje * / 00:05:00:030 / top(01) para disp(02)
Mensaje Y / 00:05:00:030 / disp(02) / msg_out /      2.00000 para top(01)
Mensaje D / 00:05:00:030 / disp(02) / ... para top(01)
Mensaje Y / 00:05:00:030 / top(01) / msg_out /      2.00000 para Root(00)
Mensaje D / 00:05:00:030 / top(01) / ... para Root(00)
Mensaje X / 00:05:30:000 / Root(00) / alarmstatus_in /      0.00000 para top(01)
Mensaje X / 00:05:30:000 / top(01) / alarmstatus_in /      0.00000 para disp(02)
Mensaje D / 00:05:30:000 / disp(02) / 00:00:00:030 para top(01)
Mensaje D / 00:05:30:000 / top(01) / 00:00:00:030 para Root(00)
Mensaje * / 00:05:30:030 / Root(00) para top(01)
Mensaje * / 00:05:30:030 / top(01) para disp(02)
Mensaje Y / 00:05:30:030 / disp(02) / msg_out /      0.00000 para top(01)
Mensaje D / 00:05:30:030 / disp(02) / ... para top(01)
Mensaje Y / 00:05:30:030 / top(01) / msg_out /      0.00000 para Root(00)
Mensaje D / 00:05:30:030 / top(01) / ... para Root(00)
Mensaje X / 00:08:00:000 / Root(00) / error_in /      1.00000 para top(01)
Mensaje X / 00:08:00:000 / top(01) / error_in /      1.00000 para disp(02)
Mensaje D / 00:08:00:000 / disp(02) / 00:00:00:030 para top(01)
Mensaje D / 00:08:00:000 / top(01) / 00:00:00:030 para Root(00)
Mensaje * / 00:08:00:030 / Root(00) para top(01)
Mensaje * / 00:08:00:030 / top(01) para disp(02)
Mensaje Y / 00:08:00:030 / disp(02) / msg_out /      4.00000 para top(01)
Mensaje D / 00:08:00:030 / disp(02) / 00:00:10:000 para top(01)
Mensaje Y / 00:08:00:030 / top(01) / msg_out /      4.00000 para Root(00)
Mensaje D / 00:08:00:030 / top(01) / 00:00:10:000 para Root(00)
Mensaje * / 00:08:10:030 / Root(00) para top(01)
Mensaje * / 00:08:10:030 / top(01) para disp(02)
Mensaje Y / 00:08:10:030 / disp(02) / msg_out /      0.00000 para top(01)
Mensaje D / 00:08:10:030 / disp(02) / ... para top(01)
Mensaje Y / 00:08:10:030 / top(01) / msg_out /      0.00000 para Root(00)
Mensaje D / 00:08:10:030 / top(01) / ... para Root(00)
Mensaje X / 00:10:00:000 / Root(00) / error_in /      0.00000 para top(01)
Mensaje X / 00:10:00:000 / top(01) / error_in /      0.00000 para disp(02)
Mensaje D / 00:10:00:000 / disp(02) / 00:00:00:030 para top(01)
Mensaje D / 00:10:00:000 / top(01) / 00:00:00:030 para Root(00)
Mensaje * / 00:10:00:030 / Root(00) para top(01)
Mensaje * / 00:10:00:030 / top(01) para disp(02)
Mensaje Y / 00:10:00:030 / disp(02) / msg_out /      3.00000 para top(01)
Mensaje D / 00:10:00:030 / disp(02) / 00:00:10:000 para top(01)
Mensaje Y / 00:10:00:030 / top(01) / msg_out /      3.00000 para Root(00)
Mensaje D / 00:10:00:030 / top(01) / 00:00:10:000 para Root(00)
Mensaje * / 00:10:10:030 / Root(00) para top(01)
Mensaje * / 00:10:10:030 / top(01) para disp(02)
Mensaje Y / 00:10:10:030 / disp(02) / msg_out /      0.00000 para top(01)
Mensaje D / 00:10:10:030 / disp(02) / ... para top(01)
Mensaje Y / 00:10:10:030 / top(01) / msg_out /      0.00000 para Root(00)
Mensaje D / 00:10:10:030 / top(01) / ... para Root(00)
Mensaje X / 00:15:00:000 / Root(00) / doorok_in /      1.00000 para top(01)
Mensaje X / 00:15:00:000 / top(01) / doorok_in /      1.00000 para disp(02)
Mensaje D / 00:15:00:000 / disp(02) / 00:00:00:030 para top(01)
Mensaje D / 00:15:00:000 / top(01) / 00:00:00:030 para Root(00)
Mensaje * / 00:15:00:030 / Root(00) para top(01)
Mensaje * / 00:15:00:030 / top(01) para disp(02)
Mensaje Y / 00:15:00:030 / disp(02) / msg_out /      5.00000 para top(01)
Mensaje D / 00:15:00:030 / disp(02) / 00:00:10:000 para top(01)
Mensaje Y / 00:15:00:030 / top(01) / msg_out /      5.00000 para Root(00)
Mensaje D / 00:15:00:030 / top(01) / 00:00:10:000 para Root(00)
Mensaje * / 00:15:10:030 / Root(00) para top(01)
Mensaje * / 00:15:10:030 / top(01) para disp(02)
Mensaje Y / 00:15:10:030 / disp(02) / msg_out /      0.00000 para top(01)
Mensaje D / 00:15:10:030 / disp(02) / ... para top(01)
Mensaje Y / 00:15:10:030 / top(01) / msg_out /      0.00000 para Root(00)
Mensaje D / 00:15:10:030 / top(01) / ... para Root(00)
