Mensaje I / 00:00:00:000 / Root(00) para top(01)
Mensaje I / 00:00:00:000 / top(01) para admin(02)
Mensaje I / 00:00:00:000 / top(01) para disp(05)
Mensaje I / 00:00:00:000 / admin(02) para adm(03)
Mensaje I / 00:00:00:000 / admin(02) para auth(04)
Mensaje D / 00:00:00:000 / disp(05) / 00:00:00:000 para top(01)
Mensaje D / 00:00:00:000 / adm(03) / 00:00:00:000 para admin(02)
Mensaje D / 00:00:00:000 / auth(04) / ... para admin(02)
Mensaje D / 00:00:00:000 / admin(02) / 00:00:00:000 para top(01)
Mensaje D / 00:00:00:000 / top(01) / 00:00:00:000 para Root(00)
Mensaje * / 00:00:00:000 / Root(00) para top(01)
Mensaje * / 00:00:00:000 / top(01) para admin(02)
Mensaje * / 00:00:00:000 / admin(02) para adm(03)
Mensaje Y / 00:00:00:000 / adm(03) / alarm_status1 /      0.00000 para admin(02)
Mensaje Y / 00:00:00:000 / adm(03) / alarm_status2 /      0.00000 para admin(02)
Mensaje D / 00:00:00:000 / adm(03) / ... para admin(02)
Mensaje Y / 00:00:00:000 / admin(02) / alarmstatus_out /      0.00000 para top(01)
Mensaje X / 00:00:00:000 / admin(02) / alarm_status2 /      0.00000 para auth(04)
Mensaje X / 00:00:00:000 / top(01) / alarmstatus_in /      0.00000 para disp(05)
Mensaje D / 00:00:00:000 / auth(04) / ... para admin(02)
Mensaje D / 00:00:00:000 / disp(05) / 00:00:00:030 para top(01)
Mensaje D / 00:00:00:000 / admin(02) / ... para top(01)
Mensaje D / 00:00:00:000 / top(01) / 00:00:00:030 para Root(00)
Mensaje * / 00:00:00:030 / Root(00) para top(01)
Mensaje * / 00:00:00:030 / top(01) para disp(05)
Mensaje Y / 00:00:00:030 / disp(05) / msg_out /      0.00000 para top(01)
Mensaje D / 00:00:00:030 / disp(05) / ... para top(01)
Mensaje Y / 00:00:00:030 / top(01) / msg /      0.00000 para Root(00)
Mensaje D / 00:00:00:030 / top(01) / ... para Root(00)
Mensaje X / 00:00:30:000 / Root(00) / arm /      1.00000 para top(01)
Mensaje X / 00:00:30:000 / top(01) / arm_in /      1.00000 para admin(02)
Mensaje X / 00:00:30:000 / admin(02) / armreq_in /      1.00000 para adm(03)
Mensaje D / 00:00:30:000 / adm(03) / 00:00:00:030 para admin(02)
Mensaje D / 00:00:30:000 / admin(02) / 00:00:00:030 para top(01)
Mensaje D / 00:00:30:000 / top(01) / 00:00:00:030 para Root(00)
Mensaje * / 00:00:30:030 / Root(00) para top(01)
Mensaje * / 00:00:30:030 / top(01) para admin(02)
Mensaje * / 00:00:30:030 / admin(02) para adm(03)
Mensaje Y / 00:00:30:030 / adm(03) / admin_out /      1.00000 para admin(02)
Mensaje Y / 00:00:30:030 / adm(03) / alarm_req /      1.00000 para admin(02)
Mensaje D / 00:00:30:030 / adm(03) / ... para admin(02)
Mensaje Y / 00:00:30:030 / admin(02) / pin_prompt /      1.00000 para top(01)
Mensaje X / 00:00:30:030 / admin(02) / alarm_req /      1.00000 para auth(04)
Mensaje X / 00:00:30:030 / top(01) / pinprompt_in /      1.00000 para disp(05)
Mensaje D / 00:00:30:030 / auth(04) / ... para admin(02)
Mensaje D / 00:00:30:030 / disp(05) / 00:00:00:030 para top(01)
Mensaje D / 00:00:30:030 / admin(02) / ... para top(01)
Mensaje D / 00:00:30:030 / top(01) / 00:00:00:030 para Root(00)
Mensaje * / 00:00:30:060 / Root(00) para top(01)
Mensaje * / 00:00:30:060 / top(01) para disp(05)
Mensaje Y / 00:00:30:060 / disp(05) / msg_out /      2.00000 para top(01)
Mensaje D / 00:00:30:060 / disp(05) / ... para top(01)
Mensaje Y / 00:00:30:060 / top(01) / msg /      2.00000 para Root(00)
Mensaje D / 00:00:30:060 / top(01) / ... para Root(00)
Mensaje X / 00:01:00:000 / Root(00) / pin /      1.00000 para top(01)
Mensaje X / 00:01:00:000 / top(01) / pin_in /      1.00000 para admin(02)
Mensaje X / 00:01:00:000 / admin(02) / pin_in /      1.00000 para auth(04)
Mensaje D / 00:01:00:000 / auth(04) / 00:00:00:030 para admin(02)
Mensaje D / 00:01:00:000 / admin(02) / 00:00:00:030 para top(01)
Mensaje D / 00:01:00:000 / top(01) / 00:00:00:030 para Root(00)
Mensaje * / 00:01:00:030 / Root(00) para top(01)
Mensaje * / 00:01:00:030 / top(01) para admin(02)
Mensaje * / 00:01:00:030 / admin(02) para auth(04)
Mensaje Y / 00:01:00:030 / auth(04) / alarmpin_ok /      1.00000 para admin(02)
Mensaje D / 00:01:00:030 / auth(04) / ... para admin(02)
Mensaje X / 00:01:00:030 / admin(02) / alarmpin_ok /      1.00000 para adm(03)
Mensaje D / 00:01:00:030 / adm(03) / 00:00:00:030 para admin(02)
Mensaje D / 00:01:00:030 / admin(02) / 00:00:00:030 para top(01)
Mensaje D / 00:01:00:030 / top(01) / 00:00:00:030 para Root(00)
Mensaje * / 00:01:00:060 / Root(00) para top(01)
Mensaje * / 00:01:00:060 / top(01) para admin(02)
Mensaje * / 00:01:00:060 / admin(02) para adm(03)
Mensaje Y / 00:01:00:060 / adm(03) / alarm_status1 /      1.00000 para admin(02)
Mensaje Y / 00:01:00:060 / adm(03) / alarm_status2 /      1.00000 para admin(02)
Mensaje D / 00:01:00:060 / adm(03) / ... para admin(02)
Mensaje Y / 00:01:00:060 / admin(02) / alarmstatus_out /      1.00000 para top(01)
Mensaje X / 00:01:00:060 / admin(02) / alarm_status2 /      1.00000 para auth(04)
Mensaje X / 00:01:00:060 / top(01) / alarmstatus_in /      1.00000 para disp(05)
Mensaje D / 00:01:00:060 / auth(04) / ... para admin(02)
Mensaje D / 00:01:00:060 / disp(05) / 00:00:00:030 para top(01)
Mensaje D / 00:01:00:060 / admin(02) / ... para top(01)
Mensaje D / 00:01:00:060 / top(01) / 00:00:00:030 para Root(00)
Mensaje * / 00:01:00:090 / Root(00) para top(01)
Mensaje * / 00:01:00:090 / top(01) para disp(05)
Mensaje Y / 00:01:00:090 / disp(05) / msg_out /      1.00000 para top(01)
Mensaje D / 00:01:00:090 / disp(05) / ... para top(01)
Mensaje Y / 00:01:00:090 / top(01) / msg /      1.00000 para Root(00)
Mensaje D / 00:01:00:090 / top(01) / ... para Root(00)
Mensaje X / 00:01:30:000 / Root(00) / arm /      1.00000 para top(01)
Mensaje X / 00:01:30:000 / top(01) / arm_in /      1.00000 para admin(02)
Mensaje X / 00:01:30:000 / admin(02) / armreq_in /      1.00000 para adm(03)
Mensaje D / 00:01:30:000 / adm(03) / 00:00:00:030 para admin(02)
Mensaje D / 00:01:30:000 / admin(02) / 00:00:00:030 para top(01)
Mensaje D / 00:01:30:000 / top(01) / 00:00:00:030 para Root(00)
Mensaje * / 00:01:30:030 / Root(00) para top(01)
Mensaje * / 00:01:30:030 / top(01) para admin(02)
Mensaje * / 00:01:30:030 / admin(02) para adm(03)
Mensaje Y / 00:01:30:030 / adm(03) / error /      0.00000 para admin(02)
Mensaje D / 00:01:30:030 / adm(03) / ... para admin(02)
Mensaje Y / 00:01:30:030 / admin(02) / error_out /      0.00000 para top(01)
Mensaje D / 00:01:30:030 / admin(02) / ... para top(01)
Mensaje X / 00:01:30:030 / top(01) / error_in /      0.00000 para disp(05)
Mensaje D / 00:01:30:030 / disp(05) / 00:00:00:030 para top(01)
Mensaje D / 00:01:30:030 / top(01) / 00:00:00:030 para Root(00)
Mensaje * / 00:01:30:060 / Root(00) para top(01)
Mensaje * / 00:01:30:060 / top(01) para disp(05)
Mensaje Y / 00:01:30:060 / disp(05) / msg_out /      3.00000 para top(01)
Mensaje D / 00:01:30:060 / disp(05) / 00:00:10:000 para top(01)
Mensaje Y / 00:01:30:060 / top(01) / msg /      3.00000 para Root(00)
Mensaje D / 00:01:30:060 / top(01) / 00:00:10:000 para Root(00)
Mensaje * / 00:01:40:060 / Root(00) para top(01)
Mensaje * / 00:01:40:060 / top(01) para disp(05)
Mensaje Y / 00:01:40:060 / disp(05) / msg_out /      1.00000 para top(01)
Mensaje D / 00:01:40:060 / disp(05) / ... para top(01)
Mensaje Y / 00:01:40:060 / top(01) / msg /      1.00000 para Root(00)
Mensaje D / 00:01:40:060 / top(01) / ... para Root(00)
Mensaje X / 00:02:00:000 / Root(00) / disarm /      1.00000 para top(01)
Mensaje X / 00:02:00:000 / top(01) / disarm_in /      1.00000 para admin(02)
Mensaje X / 00:02:00:000 / admin(02) / disarmreq_in /      1.00000 para adm(03)
Mensaje D / 00:02:00:000 / adm(03) / 00:00:00:030 para admin(02)
Mensaje D / 00:02:00:000 / admin(02) / 00:00:00:030 para top(01)
Mensaje D / 00:02:00:000 / top(01) / 00:00:00:030 para Root(00)
Mensaje * / 00:02:00:030 / Root(00) para top(01)
Mensaje * / 00:02:00:030 / top(01) para admin(02)
Mensaje * / 00:02:00:030 / admin(02) para adm(03)
Mensaje Y / 00:02:00:030 / adm(03) / admin_out /      1.00000 para admin(02)
Mensaje Y / 00:02:00:030 / adm(03) / alarm_req /      0.00000 para admin(02)
Mensaje D / 00:02:00:030 / adm(03) / ... para admin(02)
Mensaje Y / 00:02:00:030 / admin(02) / pin_prompt /      1.00000 para top(01)
Mensaje X / 00:02:00:030 / admin(02) / alarm_req /      0.00000 para auth(04)
Mensaje X / 00:02:00:030 / top(01) / pinprompt_in /      1.00000 para disp(05)
Mensaje D / 00:02:00:030 / auth(04) / ... para admin(02)
Mensaje D / 00:02:00:030 / disp(05) / 00:00:00:030 para top(01)
Mensaje D / 00:02:00:030 / admin(02) / ... para top(01)
Mensaje D / 00:02:00:030 / top(01) / 00:00:00:030 para Root(00)
Mensaje * / 00:02:00:060 / Root(00) para top(01)
Mensaje * / 00:02:00:060 / top(01) para disp(05)
Mensaje Y / 00:02:00:060 / disp(05) / msg_out /      2.00000 para top(01)
Mensaje D / 00:02:00:060 / disp(05) / ... para top(01)
Mensaje Y / 00:02:00:060 / top(01) / msg /      2.00000 para Root(00)
Mensaje D / 00:02:00:060 / top(01) / ... para Root(00)
Mensaje X / 00:02:30:000 / Root(00) / pin /      1.00000 para top(01)
Mensaje X / 00:02:30:000 / top(01) / pin_in /      1.00000 para admin(02)
Mensaje X / 00:02:30:000 / admin(02) / pin_in /      1.00000 para auth(04)
Mensaje D / 00:02:30:000 / auth(04) / 00:00:00:030 para admin(02)
Mensaje D / 00:02:30:000 / admin(02) / 00:00:00:030 para top(01)
Mensaje D / 00:02:30:000 / top(01) / 00:00:00:030 para Root(00)
Mensaje * / 00:02:30:030 / Root(00) para top(01)
Mensaje * / 00:02:30:030 / top(01) para admin(02)
Mensaje * / 00:02:30:030 / admin(02) para auth(04)
Mensaje Y / 00:02:30:030 / auth(04) / alarmpin_ok /      0.00000 para admin(02)
Mensaje D / 00:02:30:030 / auth(04) / ... para admin(02)
Mensaje X / 00:02:30:030 / admin(02) / alarmpin_ok /      0.00000 para adm(03)
Mensaje D / 00:02:30:030 / adm(03) / 00:00:00:030 para admin(02)
Mensaje D / 00:02:30:030 / admin(02) / 00:00:00:030 para top(01)
Mensaje D / 00:02:30:030 / top(01) / 00:00:00:030 para Root(00)
Mensaje * / 00:02:30:060 / Root(00) para top(01)
Mensaje * / 00:02:30:060 / top(01) para admin(02)
Mensaje * / 00:02:30:060 / admin(02) para adm(03)
Mensaje Y / 00:02:30:060 / adm(03) / alarm_status1 /      0.00000 para admin(02)
Mensaje Y / 00:02:30:060 / adm(03) / alarm_status2 /      0.00000 para admin(02)
Mensaje D / 00:02:30:060 / adm(03) / ... para admin(02)
Mensaje Y / 00:02:30:060 / admin(02) / alarmstatus_out /      0.00000 para top(01)
Mensaje X / 00:02:30:060 / admin(02) / alarm_status2 /      0.00000 para auth(04)
Mensaje X / 00:02:30:060 / top(01) / alarmstatus_in /      0.00000 para disp(05)
Mensaje D / 00:02:30:060 / auth(04) / ... para admin(02)
Mensaje D / 00:02:30:060 / disp(05) / 00:00:00:030 para top(01)
Mensaje D / 00:02:30:060 / admin(02) / ... para top(01)
Mensaje D / 00:02:30:060 / top(01) / 00:00:00:030 para Root(00)
Mensaje * / 00:02:30:090 / Root(00) para top(01)
Mensaje * / 00:02:30:090 / top(01) para disp(05)
Mensaje Y / 00:02:30:090 / disp(05) / msg_out /      0.00000 para top(01)
Mensaje D / 00:02:30:090 / disp(05) / ... para top(01)
Mensaje Y / 00:02:30:090 / top(01) / msg /      0.00000 para Root(00)
Mensaje D / 00:02:30:090 / top(01) / ... para Root(00)
Mensaje X / 00:03:00:000 / Root(00) / disarm /      1.00000 para top(01)
Mensaje X / 00:03:00:000 / top(01) / disarm_in /      1.00000 para admin(02)
Mensaje X / 00:03:00:000 / admin(02) / disarmreq_in /      1.00000 para adm(03)
Mensaje D / 00:03:00:000 / adm(03) / 00:00:00:030 para admin(02)
Mensaje D / 00:03:00:000 / admin(02) / 00:00:00:030 para top(01)
Mensaje D / 00:03:00:000 / top(01) / 00:00:00:030 para Root(00)
Mensaje * / 00:03:00:030 / Root(00) para top(01)
Mensaje * / 00:03:00:030 / top(01) para admin(02)
Mensaje * / 00:03:00:030 / admin(02) para adm(03)
Mensaje Y / 00:03:00:030 / adm(03) / error /      0.00000 para admin(02)
Mensaje D / 00:03:00:030 / adm(03) / ... para admin(02)
Mensaje Y / 00:03:00:030 / admin(02) / error_out /      0.00000 para top(01)
Mensaje D / 00:03:00:030 / admin(02) / ... para top(01)
Mensaje X / 00:03:00:030 / top(01) / error_in /      0.00000 para disp(05)
Mensaje D / 00:03:00:030 / disp(05) / 00:00:00:030 para top(01)
Mensaje D / 00:03:00:030 / top(01) / 00:00:00:030 para Root(00)
Mensaje * / 00:03:00:060 / Root(00) para top(01)
Mensaje * / 00:03:00:060 / top(01) para disp(05)
Mensaje Y / 00:03:00:060 / disp(05) / msg_out /      3.00000 para top(01)
Mensaje D / 00:03:00:060 / disp(05) / 00:00:10:000 para top(01)
Mensaje Y / 00:03:00:060 / top(01) / msg /      3.00000 para Root(00)
Mensaje D / 00:03:00:060 / top(01) / 00:00:10:000 para Root(00)
Mensaje * / 00:03:10:060 / Root(00) para top(01)
Mensaje * / 00:03:10:060 / top(01) para disp(05)
Mensaje Y / 00:03:10:060 / disp(05) / msg_out /      0.00000 para top(01)
Mensaje D / 00:03:10:060 / disp(05) / ... para top(01)
Mensaje Y / 00:03:10:060 / top(01) / msg /      0.00000 para Root(00)
Mensaje D / 00:03:10:060 / top(01) / ... para Root(00)
Mensaje X / 00:03:30:000 / Root(00) / pin /      1.00000 para top(01)
Mensaje X / 00:03:30:000 / top(01) / pin_in /      1.00000 para admin(02)
Mensaje X / 00:03:30:000 / admin(02) / pin_in /      1.00000 para auth(04)
Mensaje D / 00:03:30:000 / auth(04) / 00:00:00:030 para admin(02)
Mensaje D / 00:03:30:000 / admin(02) / 00:00:00:030 para top(01)
Mensaje D / 00:03:30:000 / top(01) / 00:00:00:030 para Root(00)
Mensaje * / 00:03:30:030 / Root(00) para top(01)
Mensaje * / 00:03:30:030 / top(01) para admin(02)
Mensaje * / 00:03:30:030 / admin(02) para auth(04)
Mensaje Y / 00:03:30:030 / auth(04) / doorpin_ok /      1.00000 para admin(02)
Mensaje D / 00:03:30:030 / auth(04) / ... para admin(02)
Mensaje Y / 00:03:30:030 / admin(02) / doorok_out /      1.00000 para top(01)
Mensaje D / 00:03:30:030 / admin(02) / ... para top(01)
Mensaje X / 00:03:30:030 / top(01) / doorok_in /      1.00000 para disp(05)
Mensaje D / 00:03:30:030 / disp(05) / 00:00:00:030 para top(01)
Mensaje D / 00:03:30:030 / top(01) / 00:00:00:030 para Root(00)
Mensaje * / 00:03:30:060 / Root(00) para top(01)
Mensaje * / 00:03:30:060 / top(01) para disp(05)
Mensaje Y / 00:03:30:060 / disp(05) / msg_out /      5.00000 para top(01)
Mensaje D / 00:03:30:060 / disp(05) / 00:00:10:000 para top(01)
Mensaje Y / 00:03:30:060 / top(01) / msg /      5.00000 para Root(00)
Mensaje D / 00:03:30:060 / top(01) / 00:00:10:000 para Root(00)
Mensaje * / 00:03:40:060 / Root(00) para top(01)
Mensaje * / 00:03:40:060 / top(01) para disp(05)
Mensaje Y / 00:03:40:060 / disp(05) / msg_out /      0.00000 para top(01)
Mensaje D / 00:03:40:060 / disp(05) / ... para top(01)
Mensaje Y / 00:03:40:060 / top(01) / msg /      0.00000 para Root(00)
Mensaje D / 00:03:40:060 / top(01) / ... para Root(00)
Mensaje X / 00:04:00:000 / Root(00) / pin /      1.00000 para top(01)
Mensaje X / 00:04:00:000 / top(01) / pin_in /      1.00000 para admin(02)
Mensaje X / 00:04:00:000 / admin(02) / pin_in /      1.00000 para auth(04)
Mensaje D / 00:04:00:000 / auth(04) / 00:00:00:030 para admin(02)
Mensaje D / 00:04:00:000 / admin(02) / 00:00:00:030 para top(01)
Mensaje D / 00:04:00:000 / top(01) / 00:00:00:030 para Root(00)
Mensaje * / 00:04:00:030 / Root(00) para top(01)
Mensaje * / 00:04:00:030 / top(01) para admin(02)
Mensaje * / 00:04:00:030 / admin(02) para auth(04)
Mensaje Y / 00:04:00:030 / auth(04) / doorpin_ok /      1.00000 para admin(02)
Mensaje D / 00:04:00:030 / auth(04) / ... para admin(02)
Mensaje Y / 00:04:00:030 / admin(02) / doorok_out /      1.00000 para top(01)
Mensaje D / 00:04:00:030 / admin(02) / ... para top(01)
Mensaje X / 00:04:00:030 / top(01) / doorok_in /      1.00000 para disp(05)
Mensaje D / 00:04:00:030 / disp(05) / 00:00:00:030 para top(01)
Mensaje D / 00:04:00:030 / top(01) / 00:00:00:030 para Root(00)
Mensaje * / 00:04:00:060 / Root(00) para top(01)
Mensaje * / 00:04:00:060 / top(01) para disp(05)
Mensaje Y / 00:04:00:060 / disp(05) / msg_out /      5.00000 para top(01)
Mensaje D / 00:04:00:060 / disp(05) / 00:00:10:000 para top(01)
Mensaje Y / 00:04:00:060 / top(01) / msg /      5.00000 para Root(00)
Mensaje D / 00:04:00:060 / top(01) / 00:00:10:000 para Root(00)
Mensaje * / 00:04:10:060 / Root(00) para top(01)
Mensaje * / 00:04:10:060 / top(01) para disp(05)
Mensaje Y / 00:04:10:060 / disp(05) / msg_out /      0.00000 para top(01)
Mensaje D / 00:04:10:060 / disp(05) / ... para top(01)
Mensaje Y / 00:04:10:060 / top(01) / msg /      0.00000 para Root(00)
Mensaje D / 00:04:10:060 / top(01) / ... para Root(00)
Mensaje X / 00:04:30:000 / Root(00) / pin /      1.00000 para top(01)
Mensaje X / 00:04:30:000 / top(01) / pin_in /      1.00000 para admin(02)
Mensaje X / 00:04:30:000 / admin(02) / pin_in /      1.00000 para auth(04)
Mensaje D / 00:04:30:000 / auth(04) / 00:00:00:030 para admin(02)
Mensaje D / 00:04:30:000 / admin(02) / 00:00:00:030 para top(01)
Mensaje D / 00:04:30:000 / top(01) / 00:00:00:030 para Root(00)
Mensaje * / 00:04:30:030 / Root(00) para top(01)
Mensaje * / 00:04:30:030 / top(01) para admin(02)
Mensaje * / 00:04:30:030 / admin(02) para auth(04)
Mensaje Y / 00:04:30:030 / auth(04) / doorpin_ok /      1.00000 para admin(02)
Mensaje D / 00:04:30:030 / auth(04) / ... para admin(02)
Mensaje Y / 00:04:30:030 / admin(02) / doorok_out /      1.00000 para top(01)
Mensaje D / 00:04:30:030 / admin(02) / ... para top(01)
Mensaje X / 00:04:30:030 / top(01) / doorok_in /      1.00000 para disp(05)
Mensaje D / 00:04:30:030 / disp(05) / 00:00:00:030 para top(01)
Mensaje D / 00:04:30:030 / top(01) / 00:00:00:030 para Root(00)
Mensaje * / 00:04:30:060 / Root(00) para top(01)
Mensaje * / 00:04:30:060 / top(01) para disp(05)
Mensaje Y / 00:04:30:060 / disp(05) / msg_out /      5.00000 para top(01)
Mensaje D / 00:04:30:060 / disp(05) / 00:00:10:000 para top(01)
Mensaje Y / 00:04:30:060 / top(01) / msg /      5.00000 para Root(00)
Mensaje D / 00:04:30:060 / top(01) / 00:00:10:000 para Root(00)
Mensaje * / 00:04:40:060 / Root(00) para top(01)
Mensaje * / 00:04:40:060 / top(01) para disp(05)
Mensaje Y / 00:04:40:060 / disp(05) / msg_out /      0.00000 para top(01)
Mensaje D / 00:04:40:060 / disp(05) / ... para top(01)
Mensaje Y / 00:04:40:060 / top(01) / msg /      0.00000 para Root(00)
Mensaje D / 00:04:40:060 / top(01) / ... para Root(00)
Mensaje X / 00:05:00:000 / Root(00) / pin /      1.00000 para top(01)
Mensaje X / 00:05:00:000 / top(01) / pin_in /      1.00000 para admin(02)
Mensaje X / 00:05:00:000 / admin(02) / pin_in /      1.00000 para auth(04)
Mensaje D / 00:05:00:000 / auth(04) / 00:00:00:030 para admin(02)
Mensaje D / 00:05:00:000 / admin(02) / 00:00:00:030 para top(01)
Mensaje D / 00:05:00:000 / top(01) / 00:00:00:030 para Root(00)
Mensaje * / 00:05:00:030 / Root(00) para top(01)
Mensaje * / 00:05:00:030 / top(01) para admin(02)
Mensaje * / 00:05:00:030 / admin(02) para auth(04)
Mensaje Y / 00:05:00:030 / auth(04) / doorpin_ok /      1.00000 para admin(02)
Mensaje D / 00:05:00:030 / auth(04) / ... para admin(02)
Mensaje Y / 00:05:00:030 / admin(02) / doorok_out /      1.00000 para top(01)
Mensaje D / 00:05:00:030 / admin(02) / ... para top(01)
Mensaje X / 00:05:00:030 / top(01) / doorok_in /      1.00000 para disp(05)
Mensaje D / 00:05:00:030 / disp(05) / 00:00:00:030 para top(01)
Mensaje D / 00:05:00:030 / top(01) / 00:00:00:030 para Root(00)
Mensaje * / 00:05:00:060 / Root(00) para top(01)
Mensaje * / 00:05:00:060 / top(01) para disp(05)
Mensaje Y / 00:05:00:060 / disp(05) / msg_out /      5.00000 para top(01)
Mensaje D / 00:05:00:060 / disp(05) / 00:00:10:000 para top(01)
Mensaje Y / 00:05:00:060 / top(01) / msg /      5.00000 para Root(00)
Mensaje D / 00:05:00:060 / top(01) / 00:00:10:000 para Root(00)
Mensaje * / 00:05:10:060 / Root(00) para top(01)
Mensaje * / 00:05:10:060 / top(01) para disp(05)
Mensaje Y / 00:05:10:060 / disp(05) / msg_out /      0.00000 para top(01)
Mensaje D / 00:05:10:060 / disp(05) / ... para top(01)
Mensaje Y / 00:05:10:060 / top(01) / msg /      0.00000 para Root(00)
Mensaje D / 00:05:10:060 / top(01) / ... para Root(00)
Mensaje X / 00:05:30:000 / Root(00) / pin /      1.00000 para top(01)
Mensaje X / 00:05:30:000 / top(01) / pin_in /      1.00000 para admin(02)
Mensaje X / 00:05:30:000 / admin(02) / pin_in /      1.00000 para auth(04)
Mensaje D / 00:05:30:000 / auth(04) / 00:00:00:030 para admin(02)
Mensaje D / 00:05:30:000 / admin(02) / 00:00:00:030 para top(01)
Mensaje D / 00:05:30:000 / top(01) / 00:00:00:030 para Root(00)
Mensaje * / 00:05:30:030 / Root(00) para top(01)
Mensaje * / 00:05:30:030 / top(01) para admin(02)
Mensaje * / 00:05:30:030 / admin(02) para auth(04)
Mensaje Y / 00:05:30:030 / auth(04) / doorpin_ok /      1.00000 para admin(02)
Mensaje D / 00:05:30:030 / auth(04) / ... para admin(02)
Mensaje Y / 00:05:30:030 / admin(02) / doorok_out /      1.00000 para top(01)
Mensaje D / 00:05:30:030 / admin(02) / ... para top(01)
Mensaje X / 00:05:30:030 / top(01) / doorok_in /      1.00000 para disp(05)
Mensaje D / 00:05:30:030 / disp(05) / 00:00:00:030 para top(01)
Mensaje D / 00:05:30:030 / top(01) / 00:00:00:030 para Root(00)
Mensaje * / 00:05:30:060 / Root(00) para top(01)
Mensaje * / 00:05:30:060 / top(01) para disp(05)
Mensaje Y / 00:05:30:060 / disp(05) / msg_out /      5.00000 para top(01)
Mensaje D / 00:05:30:060 / disp(05) / 00:00:10:000 para top(01)
Mensaje Y / 00:05:30:060 / top(01) / msg /      5.00000 para Root(00)
Mensaje D / 00:05:30:060 / top(01) / 00:00:10:000 para Root(00)
Mensaje * / 00:05:40:060 / Root(00) para top(01)
Mensaje * / 00:05:40:060 / top(01) para disp(05)
Mensaje Y / 00:05:40:060 / disp(05) / msg_out /      0.00000 para top(01)
Mensaje D / 00:05:40:060 / disp(05) / ... para top(01)
Mensaje Y / 00:05:40:060 / top(01) / msg /      0.00000 para Root(00)
Mensaje D / 00:05:40:060 / top(01) / ... para Root(00)
Mensaje X / 00:06:00:000 / Root(00) / pin /      1.00000 para top(01)
Mensaje X / 00:06:00:000 / top(01) / pin_in /      1.00000 para admin(02)
Mensaje X / 00:06:00:000 / admin(02) / pin_in /      1.00000 para auth(04)
Mensaje D / 00:06:00:000 / auth(04) / 00:00:00:030 para admin(02)
Mensaje D / 00:06:00:000 / admin(02) / 00:00:00:030 para top(01)
Mensaje D / 00:06:00:000 / top(01) / 00:00:00:030 para Root(00)
Mensaje * / 00:06:00:030 / Root(00) para top(01)
Mensaje * / 00:06:00:030 / top(01) para admin(02)
Mensaje * / 00:06:00:030 / admin(02) para auth(04)
Mensaje Y / 00:06:00:030 / auth(04) / doorpin_ok /      1.00000 para admin(02)
Mensaje D / 00:06:00:030 / auth(04) / ... para admin(02)
Mensaje Y / 00:06:00:030 / admin(02) / doorok_out /      1.00000 para top(01)
Mensaje D / 00:06:00:030 / admin(02) / ... para top(01)
Mensaje X / 00:06:00:030 / top(01) / doorok_in /      1.00000 para disp(05)
Mensaje D / 00:06:00:030 / disp(05) / 00:00:00:030 para top(01)
Mensaje D / 00:06:00:030 / top(01) / 00:00:00:030 para Root(00)
Mensaje * / 00:06:00:060 / Root(00) para top(01)
Mensaje * / 00:06:00:060 / top(01) para disp(05)
Mensaje Y / 00:06:00:060 / disp(05) / msg_out /      5.00000 para top(01)
Mensaje D / 00:06:00:060 / disp(05) / 00:00:10:000 para top(01)
Mensaje Y / 00:06:00:060 / top(01) / msg /      5.00000 para Root(00)
Mensaje D / 00:06:00:060 / top(01) / 00:00:10:000 para Root(00)
Mensaje * / 00:06:10:060 / Root(00) para top(01)
Mensaje * / 00:06:10:060 / top(01) para disp(05)
Mensaje Y / 00:06:10:060 / disp(05) / msg_out /      0.00000 para top(01)
Mensaje D / 00:06:10:060 / disp(05) / ... para top(01)
Mensaje Y / 00:06:10:060 / top(01) / msg /      0.00000 para Root(00)
Mensaje D / 00:06:10:060 / top(01) / ... para Root(00)
Mensaje X / 00:06:30:000 / Root(00) / pin /      1.00000 para top(01)
Mensaje X / 00:06:30:000 / top(01) / pin_in /      1.00000 para admin(02)
Mensaje X / 00:06:30:000 / admin(02) / pin_in /      1.00000 para auth(04)
Mensaje D / 00:06:30:000 / auth(04) / 00:00:00:030 para admin(02)
Mensaje D / 00:06:30:000 / admin(02) / 00:00:00:030 para top(01)
Mensaje D / 00:06:30:000 / top(01) / 00:00:00:030 para Root(00)
Mensaje * / 00:06:30:030 / Root(00) para top(01)
Mensaje * / 00:06:30:030 / top(01) para admin(02)
Mensaje * / 00:06:30:030 / admin(02) para auth(04)
Mensaje Y / 00:06:30:030 / auth(04) / doorpin_ok /      1.00000 para admin(02)
Mensaje D / 00:06:30:030 / auth(04) / ... para admin(02)
Mensaje Y / 00:06:30:030 / admin(02) / doorok_out /      1.00000 para top(01)
Mensaje D / 00:06:30:030 / admin(02) / ... para top(01)
Mensaje X / 00:06:30:030 / top(01) / doorok_in /      1.00000 para disp(05)
Mensaje D / 00:06:30:030 / disp(05) / 00:00:00:030 para top(01)
Mensaje D / 00:06:30:030 / top(01) / 00:00:00:030 para Root(00)
Mensaje * / 00:06:30:060 / Root(00) para top(01)
Mensaje * / 00:06:30:060 / top(01) para disp(05)
Mensaje Y / 00:06:30:060 / disp(05) / msg_out /      5.00000 para top(01)
Mensaje D / 00:06:30:060 / disp(05) / 00:00:10:000 para top(01)
Mensaje Y / 00:06:30:060 / top(01) / msg /      5.00000 para Root(00)
Mensaje D / 00:06:30:060 / top(01) / 00:00:10:000 para Root(00)
Mensaje * / 00:06:40:060 / Root(00) para top(01)
Mensaje * / 00:06:40:060 / top(01) para disp(05)
Mensaje Y / 00:06:40:060 / disp(05) / msg_out /      0.00000 para top(01)
Mensaje D / 00:06:40:060 / disp(05) / ... para top(01)
Mensaje Y / 00:06:40:060 / top(01) / msg /      0.00000 para Root(00)
Mensaje D / 00:06:40:060 / top(01) / ... para Root(00)
Mensaje X / 00:07:00:000 / Root(00) / pin /      1.00000 para top(01)
Mensaje X / 00:07:00:000 / top(01) / pin_in /      1.00000 para admin(02)
Mensaje X / 00:07:00:000 / admin(02) / pin_in /      1.00000 para auth(04)
Mensaje D / 00:07:00:000 / auth(04) / 00:00:00:030 para admin(02)
Mensaje D / 00:07:00:000 / admin(02) / 00:00:00:030 para top(01)
Mensaje D / 00:07:00:000 / top(01) / 00:00:00:030 para Root(00)
Mensaje * / 00:07:00:030 / Root(00) para top(01)
Mensaje * / 00:07:00:030 / top(01) para admin(02)
Mensaje * / 00:07:00:030 / admin(02) para auth(04)
Mensaje Y / 00:07:00:030 / auth(04) / error /      1.00000 para admin(02)
Mensaje D / 00:07:00:030 / auth(04) / ... para admin(02)
Mensaje Y / 00:07:00:030 / admin(02) / error_out /      1.00000 para top(01)
Mensaje D / 00:07:00:030 / admin(02) / ... para top(01)
Mensaje X / 00:07:00:030 / top(01) / error_in /      1.00000 para disp(05)
Mensaje D / 00:07:00:030 / disp(05) / 00:00:00:030 para top(01)
Mensaje D / 00:07:00:030 / top(01) / 00:00:00:030 para Root(00)
Mensaje * / 00:07:00:060 / Root(00) para top(01)
Mensaje * / 00:07:00:060 / top(01) para disp(05)
Mensaje Y / 00:07:00:060 / disp(05) / msg_out /      4.00000 para top(01)
Mensaje D / 00:07:00:060 / disp(05) / 00:00:10:000 para top(01)
Mensaje Y / 00:07:00:060 / top(01) / msg /      4.00000 para Root(00)
Mensaje D / 00:07:00:060 / top(01) / 00:00:10:000 para Root(00)
Mensaje * / 00:07:10:060 / Root(00) para top(01)
Mensaje * / 00:07:10:060 / top(01) para disp(05)
Mensaje Y / 00:07:10:060 / disp(05) / msg_out /      0.00000 para top(01)
Mensaje D / 00:07:10:060 / disp(05) / ... para top(01)
Mensaje Y / 00:07:10:060 / top(01) / msg /      0.00000 para Root(00)
Mensaje D / 00:07:10:060 / top(01) / ... para Root(00)
Mensaje X / 00:07:30:000 / Root(00) / pin /      1.00000 para top(01)
Mensaje X / 00:07:30:000 / top(01) / pin_in /      1.00000 para admin(02)
Mensaje X / 00:07:30:000 / admin(02) / pin_in /      1.00000 para auth(04)
Mensaje D / 00:07:30:000 / auth(04) / 00:00:00:030 para admin(02)
Mensaje D / 00:07:30:000 / admin(02) / 00:00:00:030 para top(01)
Mensaje D / 00:07:30:000 / top(01) / 00:00:00:030 para Root(00)
Mensaje * / 00:07:30:030 / Root(00) para top(01)
Mensaje * / 00:07:30:030 / top(01) para admin(02)
Mensaje * / 00:07:30:030 / admin(02) para auth(04)
Mensaje Y / 00:07:30:030 / auth(04) / doorpin_ok /      1.00000 para admin(02)
Mensaje D / 00:07:30:030 / auth(04) / ... para admin(02)
Mensaje Y / 00:07:30:030 / admin(02) / doorok_out /      1.00000 para top(01)
Mensaje D / 00:07:30:030 / admin(02) / ... para top(01)
Mensaje X / 00:07:30:030 / top(01) / doorok_in /      1.00000 para disp(05)
Mensaje D / 00:07:30:030 / disp(05) / 00:00:00:030 para top(01)
Mensaje D / 00:07:30:030 / top(01) / 00:00:00:030 para Root(00)
Mensaje * / 00:07:30:060 / Root(00) para top(01)
Mensaje * / 00:07:30:060 / top(01) para disp(05)
Mensaje Y / 00:07:30:060 / disp(05) / msg_out /      5.00000 para top(01)
Mensaje D / 00:07:30:060 / disp(05) / 00:00:10:000 para top(01)
Mensaje Y / 00:07:30:060 / top(01) / msg /      5.00000 para Root(00)
Mensaje D / 00:07:30:060 / top(01) / 00:00:10:000 para Root(00)
Mensaje * / 00:07:40:060 / Root(00) para top(01)
Mensaje * / 00:07:40:060 / top(01) para disp(05)
Mensaje Y / 00:07:40:060 / disp(05) / msg_out /      0.00000 para top(01)
Mensaje D / 00:07:40:060 / disp(05) / ... para top(01)
Mensaje Y / 00:07:40:060 / top(01) / msg /      0.00000 para Root(00)
Mensaje D / 00:07:40:060 / top(01) / ... para Root(00)
Mensaje X / 00:08:00:000 / Root(00) / pin /      1.00000 para top(01)
Mensaje X / 00:08:00:000 / top(01) / pin_in /      1.00000 para admin(02)
Mensaje X / 00:08:00:000 / admin(02) / pin_in /      1.00000 para auth(04)
Mensaje D / 00:08:00:000 / auth(04) / 00:00:00:030 para admin(02)
Mensaje D / 00:08:00:000 / admin(02) / 00:00:00:030 para top(01)
Mensaje D / 00:08:00:000 / top(01) / 00:00:00:030 para Root(00)
Mensaje * / 00:08:00:030 / Root(00) para top(01)
Mensaje * / 00:08:00:030 / top(01) para admin(02)
Mensaje * / 00:08:00:030 / admin(02) para auth(04)
Mensaje Y / 00:08:00:030 / auth(04) / doorpin_ok /      1.00000 para admin(02)
Mensaje D / 00:08:00:030 / auth(04) / ... para admin(02)
Mensaje Y / 00:08:00:030 / admin(02) / doorok_out /      1.00000 para top(01)
Mensaje D / 00:08:00:030 / admin(02) / ... para top(01)
Mensaje X / 00:08:00:030 / top(01) / doorok_in /      1.00000 para disp(05)
Mensaje D / 00:08:00:030 / disp(05) / 00:00:00:030 para top(01)
Mensaje D / 00:08:00:030 / top(01) / 00:00:00:030 para Root(00)
Mensaje * / 00:08:00:060 / Root(00) para top(01)
Mensaje * / 00:08:00:060 / top(01) para disp(05)
Mensaje Y / 00:08:00:060 / disp(05) / msg_out /      5.00000 para top(01)
Mensaje D / 00:08:00:060 / disp(05) / 00:00:10:000 para top(01)
Mensaje Y / 00:08:00:060 / top(01) / msg /      5.00000 para Root(00)
Mensaje D / 00:08:00:060 / top(01) / 00:00:10:000 para Root(00)
Mensaje * / 00:08:10:060 / Root(00) para top(01)
Mensaje * / 00:08:10:060 / top(01) para disp(05)
Mensaje Y / 00:08:10:060 / disp(05) / msg_out /      0.00000 para top(01)
Mensaje D / 00:08:10:060 / disp(05) / ... para top(01)
Mensaje Y / 00:08:10:060 / top(01) / msg /      0.00000 para Root(00)
Mensaje D / 00:08:10:060 / top(01) / ... para Root(00)
