Mensaje I / 00:00:00:000 / Root(00) para top(01)
Mensaje I / 00:00:00:000 / top(01) para adm(02)
Mensaje I / 00:00:00:000 / top(01) para auth(03)
Mensaje D / 00:00:00:000 / adm(02) / 00:00:00:000 para top(01)
Mensaje D / 00:00:00:000 / auth(03) / ... para top(01)
Mensaje D / 00:00:00:000 / top(01) / 00:00:00:000 para Root(00)
Mensaje * / 00:00:00:000 / Root(00) para top(01)
Mensaje * / 00:00:00:000 / top(01) para adm(02)
Mensaje Y / 00:00:00:000 / adm(02) / alarm_status1 /      0.00000 para top(01)
Mensaje Y / 00:00:00:000 / adm(02) / alarm_status2 /      0.00000 para top(01)
Mensaje D / 00:00:00:000 / adm(02) / ... para top(01)
Mensaje Y / 00:00:00:000 / top(01) / alarmstatus_out /      0.00000 para Root(00)
Mensaje X / 00:00:00:000 / top(01) / alarm_status2 /      0.00000 para auth(03)
Mensaje D / 00:00:00:000 / auth(03) / ... para top(01)
Mensaje D / 00:00:00:000 / top(01) / ... para Root(00)
Mensaje X / 00:00:30:000 / Root(00) / arm_in /      1.00000 para top(01)
Mensaje X / 00:00:30:000 / top(01) / armreq_in /      1.00000 para adm(02)
Mensaje D / 00:00:30:000 / adm(02) / 00:00:00:010 para top(01)
Mensaje D / 00:00:30:000 / top(01) / 00:00:00:010 para Root(00)
Mensaje * / 00:00:30:010 / Root(00) para top(01)
Mensaje * / 00:00:30:010 / top(01) para adm(02)
Mensaje Y / 00:00:30:010 / adm(02) / admin_out /      1.00000 para top(01)
Mensaje Y / 00:00:30:010 / adm(02) / alarm_req /      1.00000 para top(01)
Mensaje D / 00:00:30:010 / adm(02) / ... para top(01)
Mensaje Y / 00:00:30:010 / top(01) / pin_prompt /      1.00000 para Root(00)
Mensaje X / 00:00:30:010 / top(01) / alarm_req /      1.00000 para auth(03)
Mensaje D / 00:00:30:010 / auth(03) / ... para top(01)
Mensaje D / 00:00:30:010 / top(01) / ... para Root(00)
Mensaje X / 00:01:00:000 / Root(00) / pin_in /      1.00000 para top(01)
Mensaje X / 00:01:00:000 / top(01) / pin_in /      1.00000 para auth(03)
Mensaje D / 00:01:00:000 / auth(03) / 00:00:00:010 para top(01)
Mensaje D / 00:01:00:000 / top(01) / 00:00:00:010 para Root(00)
Mensaje * / 00:01:00:010 / Root(00) para top(01)
Mensaje * / 00:01:00:010 / top(01) para auth(03)
Mensaje Y / 00:01:00:010 / auth(03) / alarmpin_ok /      1.00000 para top(01)
Mensaje D / 00:01:00:010 / auth(03) / ... para top(01)
Mensaje X / 00:01:00:010 / top(01) / alarmpin_ok /      1.00000 para adm(02)
Mensaje D / 00:01:00:010 / adm(02) / 00:00:00:010 para top(01)
Mensaje D / 00:01:00:010 / top(01) / 00:00:00:010 para Root(00)
Mensaje * / 00:01:00:020 / Root(00) para top(01)
Mensaje * / 00:01:00:020 / top(01) para adm(02)
Mensaje Y / 00:01:00:020 / adm(02) / alarm_status1 /      1.00000 para top(01)
Mensaje Y / 00:01:00:020 / adm(02) / alarm_status2 /      1.00000 para top(01)
Mensaje D / 00:01:00:020 / adm(02) / ... para top(01)
Mensaje Y / 00:01:00:020 / top(01) / alarmstatus_out /      1.00000 para Root(00)
Mensaje X / 00:01:00:020 / top(01) / alarm_status2 /      1.00000 para auth(03)
Mensaje D / 00:01:00:020 / auth(03) / ... para top(01)
Mensaje D / 00:01:00:020 / top(01) / ... para Root(00)
Mensaje X / 00:01:30:000 / Root(00) / arm_in /      1.00000 para top(01)
Mensaje X / 00:01:30:000 / top(01) / armreq_in /      1.00000 para adm(02)
Mensaje D / 00:01:30:000 / adm(02) / 00:00:00:010 para top(01)
Mensaje D / 00:01:30:000 / top(01) / 00:00:00:010 para Root(00)
Mensaje * / 00:01:30:010 / Root(00) para top(01)
Mensaje * / 00:01:30:010 / top(01) para adm(02)
Mensaje Y / 00:01:30:010 / adm(02) / error /      0.00000 para top(01)
Mensaje D / 00:01:30:010 / adm(02) / ... para top(01)
Mensaje Y / 00:01:30:010 / top(01) / error_out /      0.00000 para Root(00)
Mensaje D / 00:01:30:010 / top(01) / ... para Root(00)
Mensaje X / 00:02:00:000 / Root(00) / disarm_in /      1.00000 para top(01)
Mensaje X / 00:02:00:000 / top(01) / disarmreq_in /      1.00000 para adm(02)
Mensaje D / 00:02:00:000 / adm(02) / 00:00:00:010 para top(01)
Mensaje D / 00:02:00:000 / top(01) / 00:00:00:010 para Root(00)
Mensaje * / 00:02:00:010 / Root(00) para top(01)
Mensaje * / 00:02:00:010 / top(01) para adm(02)
Mensaje Y / 00:02:00:010 / adm(02) / admin_out /      1.00000 para top(01)
Mensaje Y / 00:02:00:010 / adm(02) / alarm_req /      0.00000 para top(01)
Mensaje D / 00:02:00:010 / adm(02) / ... para top(01)
Mensaje Y / 00:02:00:010 / top(01) / pin_prompt /      1.00000 para Root(00)
Mensaje X / 00:02:00:010 / top(01) / alarm_req /      0.00000 para auth(03)
Mensaje D / 00:02:00:010 / auth(03) / ... para top(01)
Mensaje D / 00:02:00:010 / top(01) / ... para Root(00)
Mensaje X / 00:02:30:000 / Root(00) / pin_in /      1.00000 para top(01)
Mensaje X / 00:02:30:000 / top(01) / pin_in /      1.00000 para auth(03)
Mensaje D / 00:02:30:000 / auth(03) / 00:00:00:010 para top(01)
Mensaje D / 00:02:30:000 / top(01) / 00:00:00:010 para Root(00)
Mensaje * / 00:02:30:010 / Root(00) para top(01)
Mensaje * / 00:02:30:010 / top(01) para auth(03)
Mensaje Y / 00:02:30:010 / auth(03) / alarmpin_ok /      0.00000 para top(01)
Mensaje D / 00:02:30:010 / auth(03) / ... para top(01)
Mensaje X / 00:02:30:010 / top(01) / alarmpin_ok /      0.00000 para adm(02)
Mensaje D / 00:02:30:010 / adm(02) / 00:00:00:010 para top(01)
Mensaje D / 00:02:30:010 / top(01) / 00:00:00:010 para Root(00)
Mensaje * / 00:02:30:020 / Root(00) para top(01)
Mensaje * / 00:02:30:020 / top(01) para adm(02)
Mensaje Y / 00:02:30:020 / adm(02) / alarm_status1 /      0.00000 para top(01)
Mensaje Y / 00:02:30:020 / adm(02) / alarm_status2 /      0.00000 para top(01)
Mensaje D / 00:02:30:020 / adm(02) / ... para top(01)
Mensaje Y / 00:02:30:020 / top(01) / alarmstatus_out /      0.00000 para Root(00)
Mensaje X / 00:02:30:020 / top(01) / alarm_status2 /      0.00000 para auth(03)
Mensaje D / 00:02:30:020 / auth(03) / ... para top(01)
Mensaje D / 00:02:30:020 / top(01) / ... para Root(00)
Mensaje X / 00:03:00:000 / Root(00) / disarm_in /      1.00000 para top(01)
Mensaje X / 00:03:00:000 / top(01) / disarmreq_in /      1.00000 para adm(02)
Mensaje D / 00:03:00:000 / adm(02) / 00:00:00:010 para top(01)
Mensaje D / 00:03:00:000 / top(01) / 00:00:00:010 para Root(00)
Mensaje * / 00:03:00:010 / Root(00) para top(01)
Mensaje * / 00:03:00:010 / top(01) para adm(02)
Mensaje Y / 00:03:00:010 / adm(02) / error /      0.00000 para top(01)
Mensaje D / 00:03:00:010 / adm(02) / ... para top(01)
Mensaje Y / 00:03:00:010 / top(01) / error_out /      0.00000 para Root(00)
Mensaje D / 00:03:00:010 / top(01) / ... para Root(00)
Mensaje X / 00:03:30:000 / Root(00) / pin_in /      1.00000 para top(01)
Mensaje X / 00:03:30:000 / top(01) / pin_in /      1.00000 para auth(03)
Mensaje D / 00:03:30:000 / auth(03) / 00:00:00:010 para top(01)
Mensaje D / 00:03:30:000 / top(01) / 00:00:00:010 para Root(00)
Mensaje * / 00:03:30:010 / Root(00) para top(01)
Mensaje * / 00:03:30:010 / top(01) para auth(03)
Mensaje Y / 00:03:30:010 / auth(03) / doorpin_ok /      1.00000 para top(01)
Mensaje D / 00:03:30:010 / auth(03) / ... para top(01)
Mensaje Y / 00:03:30:010 / top(01) / doorok_out /      1.00000 para Root(00)
Mensaje D / 00:03:30:010 / top(01) / ... para Root(00)
Mensaje X / 00:04:00:000 / Root(00) / pin_in /      1.00000 para top(01)
Mensaje X / 00:04:00:000 / top(01) / pin_in /      1.00000 para auth(03)
Mensaje D / 00:04:00:000 / auth(03) / 00:00:00:010 para top(01)
Mensaje D / 00:04:00:000 / top(01) / 00:00:00:010 para Root(00)
Mensaje * / 00:04:00:010 / Root(00) para top(01)
Mensaje * / 00:04:00:010 / top(01) para auth(03)
Mensaje Y / 00:04:00:010 / auth(03) / error /      1.00000 para top(01)
Mensaje D / 00:04:00:010 / auth(03) / ... para top(01)
Mensaje Y / 00:04:00:010 / top(01) / error_out /      1.00000 para Root(00)
Mensaje D / 00:04:00:010 / top(01) / ... para Root(00)
Mensaje X / 00:04:30:000 / Root(00) / pin_in /      1.00000 para top(01)
Mensaje X / 00:04:30:000 / top(01) / pin_in /      1.00000 para auth(03)
Mensaje D / 00:04:30:000 / auth(03) / 00:00:00:010 para top(01)
Mensaje D / 00:04:30:000 / top(01) / 00:00:00:010 para Root(00)
Mensaje * / 00:04:30:010 / Root(00) para top(01)
Mensaje * / 00:04:30:010 / top(01) para auth(03)
Mensaje Y / 00:04:30:010 / auth(03) / doorpin_ok /      1.00000 para top(01)
Mensaje D / 00:04:30:010 / auth(03) / ... para top(01)
Mensaje Y / 00:04:30:010 / top(01) / doorok_out /      1.00000 para Root(00)
Mensaje D / 00:04:30:010 / top(01) / ... para Root(00)
Mensaje X / 00:05:00:000 / Root(00) / pin_in /      1.00000 para top(01)
Mensaje X / 00:05:00:000 / top(01) / pin_in /      1.00000 para auth(03)
Mensaje D / 00:05:00:000 / auth(03) / 00:00:00:010 para top(01)
Mensaje D / 00:05:00:000 / top(01) / 00:00:00:010 para Root(00)
Mensaje * / 00:05:00:010 / Root(00) para top(01)
Mensaje * / 00:05:00:010 / top(01) para auth(03)
Mensaje Y / 00:05:00:010 / auth(03) / doorpin_ok /      1.00000 para top(01)
Mensaje D / 00:05:00:010 / auth(03) / ... para top(01)
Mensaje Y / 00:05:00:010 / top(01) / doorok_out /      1.00000 para Root(00)
Mensaje D / 00:05:00:010 / top(01) / ... para Root(00)
Mensaje X / 00:05:30:000 / Root(00) / pin_in /      1.00000 para top(01)
Mensaje X / 00:05:30:000 / top(01) / pin_in /      1.00000 para auth(03)
Mensaje D / 00:05:30:000 / auth(03) / 00:00:00:010 para top(01)
Mensaje D / 00:05:30:000 / top(01) / 00:00:00:010 para Root(00)
Mensaje * / 00:05:30:010 / Root(00) para top(01)
Mensaje * / 00:05:30:010 / top(01) para auth(03)
Mensaje Y / 00:05:30:010 / auth(03) / error /      1.00000 para top(01)
Mensaje D / 00:05:30:010 / auth(03) / ... para top(01)
Mensaje Y / 00:05:30:010 / top(01) / error_out /      1.00000 para Root(00)
Mensaje D / 00:05:30:010 / top(01) / ... para Root(00)
Mensaje X / 00:06:00:000 / Root(00) / pin_in /      1.00000 para top(01)
Mensaje X / 00:06:00:000 / top(01) / pin_in /      1.00000 para auth(03)
Mensaje D / 00:06:00:000 / auth(03) / 00:00:00:010 para top(01)
Mensaje D / 00:06:00:000 / top(01) / 00:00:00:010 para Root(00)
Mensaje * / 00:06:00:010 / Root(00) para top(01)
Mensaje * / 00:06:00:010 / top(01) para auth(03)
Mensaje Y / 00:06:00:010 / auth(03) / doorpin_ok /      1.00000 para top(01)
Mensaje D / 00:06:00:010 / auth(03) / ... para top(01)
Mensaje Y / 00:06:00:010 / top(01) / doorok_out /      1.00000 para Root(00)
Mensaje D / 00:06:00:010 / top(01) / ... para Root(00)
Mensaje X / 00:06:30:000 / Root(00) / pin_in /      1.00000 para top(01)
Mensaje X / 00:06:30:000 / top(01) / pin_in /      1.00000 para auth(03)
Mensaje D / 00:06:30:000 / auth(03) / 00:00:00:010 para top(01)
Mensaje D / 00:06:30:000 / top(01) / 00:00:00:010 para Root(00)
Mensaje * / 00:06:30:010 / Root(00) para top(01)
Mensaje * / 00:06:30:010 / top(01) para auth(03)
Mensaje Y / 00:06:30:010 / auth(03) / doorpin_ok /      1.00000 para top(01)
Mensaje D / 00:06:30:010 / auth(03) / ... para top(01)
Mensaje Y / 00:06:30:010 / top(01) / doorok_out /      1.00000 para Root(00)
Mensaje D / 00:06:30:010 / top(01) / ... para Root(00)
